<?xml version="1.0" encoding="UTF-8"?>
<!-- Generated by org.testng.reporters.JUnitReportReporter -->
<testsuite hostname="DESKTOP-OVG1EVF" failures="0" tests="1" name="us.piit.VerifyDashboard" time="9.488" errors="0" timestamp="2023-05-15T19:28:00 EDT" skipped="0">
  <testcase classname="us.piit.VerifyDashboard" name="testDashboardLoadPage" time="9.488"/>
  <system-out/>
</testsuite> <!-- us.piit.VerifyDashboard -->
